SUCCESS - MediaStorage initialized for bucket: etha-hospital
SUCCESS - MediaStorage initialized for bucket: etha-hospital
SUCCESS - MediaStorage initialized for bucket: etha-hospital
SUCCESS - MediaStorage initialized for bucket: etha-hospital
Checking images for blog 11 - Test Post Shell
Checking images for blog 12 - Test Fix
SUCCESS - MediaStorage initialized for bucket: etha-hospital
Checking images for blog 13 - Test Post No Images
SUCCESS - MediaStorage initialized for bucket: etha-hospital
Checking images for blog 14 - Debug Test
  Found featured_image: blog_images/debug_test.jpg
SUCCESS - MediaStorage initialized for bucket: etha-hospital
Checking images for blog 15 - Test Post With Image
  Found featured_image: blog_images/test_image.jpg
SUCCESS - MediaStorage initialized for bucket: etha-hospital
SUCCESS - MediaStorage initialized for bucket: etha-hospital
SUCCESS - MediaStorage initialized for bucket: etha-hospital
SUCCESS - MediaStorage initialized for bucket: etha-hospital
SUCCESS - MediaStorage initialized for bucket: etha-hospital
SUCCESS - MediaStorage initialized for bucket: etha-hospital
SUCCESS - MediaStorage initialized for bucket: etha-hospital
SUCCESS - MediaStorage initialized for bucket: etha-hospital
SUCCESS - MediaStorage initialized for bucket: etha-hospital
SUCCESS - MediaStorage initialized for bucket: etha-hospital
SUCCESS - MediaStorage initialized for bucket: etha-hospital
SUCCESS - MediaStorage initialized for bucket: etha-hospital
