SUCCESS - MediaStorage initialized for bucket: etha-hospital
SUCCESS - MediaStorage initialized for bucket: etha-hospital
SUCCESS - MediaStorage initialized for bucket: etha-hospital
SUCCESS - MediaStorage initialized for bucket: etha-hospital
Checking images for blog 11 - Test Post Shell
Checking images for blog 12 - Test Fix
SUCCESS - MediaStorage initialized for bucket: etha-hospital
Checking images for blog 13 - Test Post No Images
SUCCESS - MediaStorage initialized for bucket: etha-hospital
Checking images for blog 14 - Debug Test
  Found featured_image: blog_images/debug_test.jpg
SUCCESS - MediaStorage initialized for bucket: etha-hospital
Checking images for blog 15 - Test Post With Image
  Found featured_image: blog_images/test_image.jpg
SUCCESS - MediaStorage initialized for bucket: etha-hospital
SUCCESS - MediaStorage initialized for bucket: etha-hospital
SUCCESS - MediaStorage initialized for bucket: etha-hospital
SUCCESS - MediaStorage initialized for bucket: etha-hospital
SUCCESS - MediaStorage initialized for bucket: etha-hospital
SUCCESS - MediaStorage initialized for bucket: etha-hospital
SUCCESS - MediaStorage initialized for bucket: etha-hospital
SUCCESS - MediaStorage initialized for bucket: etha-hospital
SUCCESS - MediaStorage initialized for bucket: etha-hospital
SUCCESS - MediaStorage initialized for bucket: etha-hospital
SUCCESS - MediaStorage initialized for bucket: etha-hospital
SUCCESS - MediaStorage initialized for bucket: etha-hospital
SUCCESS - MediaStorage initialized for bucket: etha-hospital
SUCCESS - MediaStorage initialized for bucket: etha-hospital
SUCCESS - MediaStorage initialized for bucket: etha-hospital
SUCCESS - MediaStorage initialized for bucket: etha-hospital
Watching for file changes with StatReloader
SUCCESS - MediaStorage initialized for bucket: etha-hospital
Not Found: /api/schema/swagger-ui/
"GET /api/schema/swagger-ui/ HTTP/1.1" 404 1156
Not Found: /favicon.ico
"GET /favicon.ico HTTP/1.1" 404 1117
Not Found: /swagger/
"GET /swagger/ HTTP/1.1" 404 1087
C:\Users\USER\OneDrive\Desktop\Allwork\Hospital\dhospitalback\api\urls.py changed, reloading.
SUCCESS - MediaStorage initialized for bucket: etha-hospital
SUCCESS - MediaStorage initialized for bucket: etha-hospital
Watching for file changes with StatReloader
SUCCESS - MediaStorage initialized for bucket: etha-hospital
